<?xml version="1.0" encoding="UTF-8"?>
<testng-results ignored="0" total="1" passed="1" failed="0" skipped="0">
  <reporter-output>
  </reporter-output>
  <suite started-at="2023-09-28T14:27:32 ICT" name="Default suite" finished-at="2023-09-28T14:27:41 ICT" duration-ms="9925">
    <groups>
    </groups>
    <test started-at="2023-09-28T14:27:32 ICT" name="Default test" finished-at="2023-09-28T14:27:41 ICT" duration-ms="9925">
      <class name="TestTest.Program">
        <test-method signature="verifyHomepageTitle()[pri:0, instance:TestTest.Program@59505b48]" started-at="2023-09-28T14:27:32 ICT" name="verifyHomepageTitle" finished-at="2023-09-28T14:27:41 ICT" duration-ms="9889" status="PASS">
          <reporter-output>
          </reporter-output>
        </test-method> <!-- verifyHomepageTitle -->
      </class> <!-- TestTest.Program -->
    </test> <!-- Default test -->
  </suite> <!-- Default suite -->
</testng-results>
